  ITPP Question 3.cpp
C:\Users\user-pc\Documents\ITPP Question 3\ITPP Question 3.cpp(29,2): warning C4551: function call missing argument list
C:\Users\user-pc\Documents\ITPP Question 3\ITPP Question 3.cpp(29,1): error C2568: 'identifier': unable to resolve function overload
C:\Users\user-pc\Documents\ITPP Question 3\ITPP Question 3.cpp(39,16): error C2679: binary '>>': no operator found which takes a right-hand operand of type 'overloaded-function' (or there is no acceptable conversion)
C:\Program Files (x86)\Microsoft Visual Studio\2019\Community\VC\Tools\MSVC\14.26.28801\include\istream(295,39): message : could be 'std::basic_istream<char,std::char_traits<char>> &std::basic_istream<char,std::char_traits<char>>::operator >>(std::basic_streambuf<char,std::char_traits<char>> *)'
C:\Program Files (x86)\Microsoft Visual Studio\2019\Community\VC\Tools\MSVC\14.26.28801\include\istream(291,39): message : or       'std::basic_istream<char,std::char_traits<char>> &std::basic_istream<char,std::char_traits<char>>::operator >>(void *&)'
C:\Program Files (x86)\Microsoft Visual Studio\2019\Community\VC\Tools\MSVC\14.26.28801\include\istream(287,39): message : or       'std::basic_istream<char,std::char_traits<char>> &std::basic_istream<char,std::char_traits<char>>::operator >>(long double &)'
C:\Program Files (x86)\Microsoft Visual Studio\2019\Community\VC\Tools\MSVC\14.26.28801\include\istream(283,39): message : or       'std::basic_istream<char,std::char_traits<char>> &std::basic_istream<char,std::char_traits<char>>::operator >>(double &)'
C:\Program Files (x86)\Microsoft Visual Studio\2019\Community\VC\Tools\MSVC\14.26.28801\include\istream(279,39): message : or       'std::basic_istream<char,std::char_traits<char>> &std::basic_istream<char,std::char_traits<char>>::operator >>(float &)'
C:\Program Files (x86)\Microsoft Visual Studio\2019\Community\VC\Tools\MSVC\14.26.28801\include\istream(275,39): message : or       'std::basic_istream<char,std::char_traits<char>> &std::basic_istream<char,std::char_traits<char>>::operator >>(unsigned __int64 &)'
C:\Program Files (x86)\Microsoft Visual Studio\2019\Community\VC\Tools\MSVC\14.26.28801\include\istream(271,39): message : or       'std::basic_istream<char,std::char_traits<char>> &std::basic_istream<char,std::char_traits<char>>::operator >>(__int64 &)'
C:\Program Files (x86)\Microsoft Visual Studio\2019\Community\VC\Tools\MSVC\14.26.28801\include\istream(267,39): message : or       'std::basic_istream<char,std::char_traits<char>> &std::basic_istream<char,std::char_traits<char>>::operator >>(unsigned long &)'
C:\Program Files (x86)\Microsoft Visual Studio\2019\Community\VC\Tools\MSVC\14.26.28801\include\istream(263,39): message : or       'std::basic_istream<char,std::char_traits<char>> &std::basic_istream<char,std::char_traits<char>>::operator >>(long &)'
C:\Program Files (x86)\Microsoft Visual Studio\2019\Community\VC\Tools\MSVC\14.26.28801\include\istream(259,39): message : or       'std::basic_istream<char,std::char_traits<char>> &std::basic_istream<char,std::char_traits<char>>::operator >>(unsigned int &)'
C:\Program Files (x86)\Microsoft Visual Studio\2019\Community\VC\Tools\MSVC\14.26.28801\include\istream(251,39): message : or       'std::basic_istream<char,std::char_traits<char>> &std::basic_istream<char,std::char_traits<char>>::operator >>(int &)'
C:\Program Files (x86)\Microsoft Visual Studio\2019\Community\VC\Tools\MSVC\14.26.28801\include\istream(247,39): message : or       'std::basic_istream<char,std::char_traits<char>> &std::basic_istream<char,std::char_traits<char>>::operator >>(unsigned short &)'
C:\Program Files (x86)\Microsoft Visual Studio\2019\Community\VC\Tools\MSVC\14.26.28801\include\istream(215,39): message : or       'std::basic_istream<char,std::char_traits<char>> &std::basic_istream<char,std::char_traits<char>>::operator >>(short &)'
C:\Program Files (x86)\Microsoft Visual Studio\2019\Community\VC\Tools\MSVC\14.26.28801\include\istream(211,39): message : or       'std::basic_istream<char,std::char_traits<char>> &std::basic_istream<char,std::char_traits<char>>::operator >>(bool &)'
C:\Program Files (x86)\Microsoft Visual Studio\2019\Community\VC\Tools\MSVC\14.26.28801\include\istream(189,39): message : or       'std::basic_istream<char,std::char_traits<char>> &std::basic_istream<char,std::char_traits<char>>::operator >>(std::ios_base &(__cdecl *)(std::ios_base &))'
C:\Program Files (x86)\Microsoft Visual Studio\2019\Community\VC\Tools\MSVC\14.26.28801\include\istream(184,39): message : or       'std::basic_istream<char,std::char_traits<char>> &std::basic_istream<char,std::char_traits<char>>::operator >>(std::basic_ios<char,std::char_traits<char>> &(__cdecl *)(std::basic_ios<char,std::char_traits<char>> &))'
C:\Program Files (x86)\Microsoft Visual Studio\2019\Community\VC\Tools\MSVC\14.26.28801\include\istream(179,39): message : or       'std::basic_istream<char,std::char_traits<char>> &std::basic_istream<char,std::char_traits<char>>::operator >>(std::basic_istream<char,std::char_traits<char>> &(__cdecl *)(std::basic_istream<char,std::char_traits<char>> &))'
C:\Program Files (x86)\Microsoft Visual Studio\2019\Community\VC\Tools\MSVC\14.26.28801\include\istream(868,31): message : or       'std::basic_istream<char,std::char_traits<char>> &std::operator >><std::char_traits<char>>(std::basic_istream<char,std::char_traits<char>> &,unsigned char &)'
C:\Program Files (x86)\Microsoft Visual Studio\2019\Community\VC\Tools\MSVC\14.26.28801\include\istream(862,31): message : or       'std::basic_istream<char,std::char_traits<char>> &std::operator >><std::char_traits<char>>(std::basic_istream<char,std::char_traits<char>> &,signed char &)'
C:\Program Files (x86)\Microsoft Visual Studio\2019\Community\VC\Tools\MSVC\14.26.28801\include\istream(833,31): message : or       'std::basic_istream<char,std::char_traits<char>> &std::operator >><std::char_traits<char>>(std::basic_istream<char,std::char_traits<char>> &,unsigned char *)'
C:\Program Files (x86)\Microsoft Visual Studio\2019\Community\VC\Tools\MSVC\14.26.28801\include\istream(828,31): message : or       'std::basic_istream<char,std::char_traits<char>> &std::operator >><std::char_traits<char>>(std::basic_istream<char,std::char_traits<char>> &,signed char *)'
C:\Users\user-pc\Documents\ITPP Question 3\ITPP Question 3.cpp(39,16): message : while trying to match the argument list '(std::istream, overloaded-function)'
C:\Users\user-pc\Documents\ITPP Question 3\ITPP Question 3.cpp(49,23): error C2065: 'line': undeclared identifier
C:\Users\user-pc\Documents\ITPP Question 3\ITPP Question 3.cpp(50,9): error C2065: 'offset': undeclared identifier
C:\Users\user-pc\Documents\ITPP Question 3\ITPP Question 3.cpp(50,18): error C2065: 'line': undeclared identifier
C:\Users\user-pc\Documents\ITPP Question 3\ITPP Question 3.cpp(50,39): error C2059: syntax error: ')'
C:\Users\user-pc\Documents\ITPP Question 3\ITPP Question 3.cpp(50,41): error C2059: syntax error: '!='
C:\Users\user-pc\Documents\ITPP Question 3\ITPP Question 3.cpp(51,21): error C2065: 'line': undeclared identifier
C:\Users\user-pc\Documents\ITPP Question 3\ITPP Question 3.cpp(51,30): error C3861: 'pos': identifier not found
C:\Users\user-pc\Documents\ITPP Question 3\ITPP Question 3.cpp(52,19): error C2065: 'line': undeclared identifier
C:\Users\user-pc\Documents\ITPP Question 3\ITPP Question 3.cpp(52,25): error C2065: 'name': undeclared identifier
C:\Users\user-pc\Documents\ITPP Question 3\ITPP Question 3.cpp(52,31): error C3861: 'pos': identifier not found
C:\Users\user-pc\Documents\ITPP Question 3\ITPP Question 3.cpp(53,5): error C2065: 'emplSalary': undeclared identifier
C:\Users\user-pc\Documents\ITPP Question 3\ITPP Question 3.cpp(53,23): error C2065: 'line': undeclared identifier
C:\Users\user-pc\Documents\ITPP Question 3\ITPP Question 3.cpp(53,29): error C2065: 'ID': undeclared identifier
C:\Users\user-pc\Documents\ITPP Question 3\ITPP Question 3.cpp(53,33): error C3861: 'pos': identifier not found
C:\Users\user-pc\Documents\ITPP Question 3\ITPP Question 3.cpp(56,5): warning C4551: function call missing argument list
C:\Users\user-pc\Documents\ITPP Question 3\ITPP Question 3.cpp(62,3): warning C4551: function call missing argument list
C:\Users\user-pc\Documents\ITPP Question 3\ITPP Question 3.cpp(76,17): error C2676: binary '!=': 'std::string' does not define this operator or a conversion to a type acceptable to the predefined operator
C:\Users\user-pc\Documents\ITPP Question 3\ITPP Question 3.cpp(88,4): error C2450: switch expression of type 'std::string' is illegal
C:\Users\user-pc\Documents\ITPP Question 3\ITPP Question 3.cpp(87,12): message : No user-defined-conversion operator available that can perform this conversion, or the operator cannot be called
C:\Users\user-pc\Documents\ITPP Question 3\ITPP Question 3.cpp(90,5): error C2064: term does not evaluate to a function taking 0 arguments
C:\Users\user-pc\Documents\ITPP Question 3\ITPP Question 3.cpp(93,5): error C2064: term does not evaluate to a function taking 0 arguments
